12 Sep, 2018 11:57:23 AM org.apache.catalina.core.AprLifecycleListener init
INFO: The APR based Apache Tomcat Native library which allows optimal performance in production environments was not found on the java.library.path: C:\Program Files (x86)\Java\jre1.7.0\bin;.;C:\Windows\Sun\Java\bin;C:\Windows\system32;C:\Windows;C:\Program Files (x86)\Java\jdk1.8.0_144\bin
12 Sep, 2018 11:57:25 AM org.apache.coyote.AbstractProtocol init
INFO: Initializing ProtocolHandler ["http-bio-8080"]
12 Sep, 2018 11:57:25 AM org.apache.coyote.AbstractProtocol init
INFO: Initializing ProtocolHandler ["ajp-bio-8009"]
12 Sep, 2018 11:57:25 AM org.apache.catalina.startup.Catalina load
INFO: Initialization processed in 2950 ms
12 Sep, 2018 11:57:25 AM org.apache.catalina.core.StandardService startInternal
INFO: Starting service Catalina
12 Sep, 2018 11:57:25 AM org.apache.catalina.core.StandardEngine startInternal
INFO: Starting Servlet Engine: Apache Tomcat/7.0.37
12 Sep, 2018 11:57:25 AM org.apache.catalina.startup.HostConfig deployDirectory
INFO: Deploying web application directory C:\Users\VSM3\Desktop\apache-tomcat-7.0.37-windows-x64\apache-tomcat-7.0.37\webapps\docs
12 Sep, 2018 11:57:26 AM org.apache.catalina.util.SessionIdGenerator createSecureRandom
INFO: Creation of SecureRandom instance for session ID generation using [SHA1PRNG] took [140] milliseconds.
12 Sep, 2018 11:57:26 AM org.apache.catalina.startup.HostConfig deployDirectory
INFO: Deploying web application directory C:\Users\VSM3\Desktop\apache-tomcat-7.0.37-windows-x64\apache-tomcat-7.0.37\webapps\examples
12 Sep, 2018 11:57:26 AM org.apache.catalina.startup.HostConfig deployDirectory
INFO: Deploying web application directory C:\Users\VSM3\Desktop\apache-tomcat-7.0.37-windows-x64\apache-tomcat-7.0.37\webapps\host-manager
12 Sep, 2018 11:57:27 AM org.apache.catalina.startup.HostConfig deployDirectory
INFO: Deploying web application directory C:\Users\VSM3\Desktop\apache-tomcat-7.0.37-windows-x64\apache-tomcat-7.0.37\webapps\manager
12 Sep, 2018 11:57:27 AM org.apache.catalina.startup.HostConfig deployDirectory
INFO: Deploying web application directory C:\Users\VSM3\Desktop\apache-tomcat-7.0.37-windows-x64\apache-tomcat-7.0.37\webapps\ROOT
12 Sep, 2018 11:57:27 AM org.apache.coyote.AbstractProtocol start
INFO: Starting ProtocolHandler ["http-bio-8080"]
12 Sep, 2018 11:57:27 AM org.apache.coyote.AbstractProtocol start
INFO: Starting ProtocolHandler ["ajp-bio-8009"]
12 Sep, 2018 11:57:27 AM org.apache.catalina.startup.Catalina start
INFO: Server startup in 2094 ms
