22 Sep, 2018 10:38:33 PM org.apache.catalina.core.AprLifecycleListener init
INFO: The APR based Apache Tomcat Native library which allows optimal performance in production environments was not found on the java.library.path: C:\Program Files (x86)\Java\jre1.7.0\bin;.;C:\Windows\Sun\Java\bin;C:\Windows\system32;C:\Windows;C:\Program Files (x86)\Java\jdk1.7.0\bin;
22 Sep, 2018 10:38:34 PM org.apache.coyote.AbstractProtocol init
INFO: Initializing ProtocolHandler ["http-bio-8080"]
22 Sep, 2018 10:38:34 PM org.apache.coyote.AbstractProtocol init
INFO: Initializing ProtocolHandler ["ajp-bio-8009"]
22 Sep, 2018 10:38:34 PM org.apache.catalina.startup.Catalina load
INFO: Initialization processed in 1974 ms
22 Sep, 2018 10:38:34 PM org.apache.catalina.core.StandardService startInternal
INFO: Starting service Catalina
22 Sep, 2018 10:38:34 PM org.apache.catalina.core.StandardEngine startInternal
INFO: Starting Servlet Engine: Apache Tomcat/7.0.37
22 Sep, 2018 10:38:34 PM org.apache.catalina.startup.HostConfig deployDirectory
INFO: Deploying web application directory C:\Users\VSM3\Desktop\apache-tomcat-7.0.37-windows-x64\apache-tomcat-7.0.37\webapps\docs
22 Sep, 2018 10:38:35 PM org.apache.catalina.startup.HostConfig deployDirectory
INFO: Deploying web application directory C:\Users\VSM3\Desktop\apache-tomcat-7.0.37-windows-x64\apache-tomcat-7.0.37\webapps\examples
22 Sep, 2018 10:38:36 PM org.apache.catalina.startup.HostConfig deployDirectory
INFO: Deploying web application directory C:\Users\VSM3\Desktop\apache-tomcat-7.0.37-windows-x64\apache-tomcat-7.0.37\webapps\host-manager
22 Sep, 2018 10:38:36 PM org.apache.catalina.startup.HostConfig deployDirectory
INFO: Deploying web application directory C:\Users\VSM3\Desktop\apache-tomcat-7.0.37-windows-x64\apache-tomcat-7.0.37\webapps\manager
22 Sep, 2018 10:38:36 PM org.apache.catalina.startup.HostConfig deployDirectory
INFO: Deploying web application directory C:\Users\VSM3\Desktop\apache-tomcat-7.0.37-windows-x64\apache-tomcat-7.0.37\webapps\myapp
22 Sep, 2018 10:38:36 PM org.apache.tomcat.util.digester.Digester fatalError
SEVERE: Parse Fatal Error at line 5 column 3: The element type "servlet-name" must be terminated by the matching end-tag "</servlet-name>".
org.xml.sax.SAXParseException: The element type "servlet-name" must be terminated by the matching end-tag "</servlet-name>".
	at com.sun.org.apache.xerces.internal.util.ErrorHandlerWrapper.createSAXParseException(Unknown Source)
	at com.sun.org.apache.xerces.internal.util.ErrorHandlerWrapper.fatalError(Unknown Source)
	at com.sun.org.apache.xerces.internal.impl.XMLErrorReporter.reportError(Unknown Source)
	at com.sun.org.apache.xerces.internal.impl.XMLScanner.reportFatalError(Unknown Source)
	at com.sun.org.apache.xerces.internal.impl.XMLDocumentFragmentScannerImpl.scanEndElement(Unknown Source)
	at com.sun.org.apache.xerces.internal.impl.XMLDocumentFragmentScannerImpl$FragmentContentDriver.next(Unknown Source)
	at com.sun.org.apache.xerces.internal.impl.XMLDocumentScannerImpl.next(Unknown Source)
	at com.sun.org.apache.xerces.internal.impl.XMLDocumentFragmentScannerImpl.scanDocument(Unknown Source)
	at com.sun.org.apache.xerces.internal.parsers.XML11Configuration.parse(Unknown Source)
	at com.sun.org.apache.xerces.internal.parsers.XML11Configuration.parse(Unknown Source)
	at com.sun.org.apache.xerces.internal.parsers.XMLParser.parse(Unknown Source)
	at com.sun.org.apache.xerces.internal.parsers.AbstractSAXParser.parse(Unknown Source)
	at com.sun.org.apache.xerces.internal.jaxp.SAXParserImpl$JAXPSAXParser.parse(Unknown Source)
	at org.apache.tomcat.util.digester.Digester.parse(Digester.java:1537)
	at org.apache.catalina.startup.ContextConfig.parseWebXml(ContextConfig.java:1879)
	at org.apache.catalina.startup.ContextConfig.webConfig(ContextConfig.java:1259)
	at org.apache.catalina.startup.ContextConfig.configureStart(ContextConfig.java:878)
	at org.apache.catalina.startup.ContextConfig.lifecycleEvent(ContextConfig.java:369)
	at org.apache.catalina.util.LifecycleSupport.fireLifecycleEvent(LifecycleSupport.java:119)
	at org.apache.catalina.util.LifecycleBase.fireLifecycleEvent(LifecycleBase.java:90)
	at org.apache.catalina.core.StandardContext.startInternal(StandardContext.java:5179)
	at org.apache.catalina.util.LifecycleBase.start(LifecycleBase.java:150)
	at org.apache.catalina.core.ContainerBase.addChildInternal(ContainerBase.java:901)
	at org.apache.catalina.core.ContainerBase.addChild(ContainerBase.java:877)
	at org.apache.catalina.core.StandardHost.addChild(StandardHost.java:633)
	at org.apache.catalina.startup.HostConfig.deployDirectory(HostConfig.java:1114)
	at org.apache.catalina.startup.HostConfig$DeployDirectory.run(HostConfig.java:1673)
	at java.util.concurrent.Executors$RunnableAdapter.call(Unknown Source)
	at java.util.concurrent.FutureTask$Sync.innerRun(Unknown Source)
	at java.util.concurrent.FutureTask.run(Unknown Source)
	at java.util.concurrent.ThreadPoolExecutor.runWorker(Unknown Source)
	at java.util.concurrent.ThreadPoolExecutor$Worker.run(Unknown Source)
	at java.lang.Thread.run(Unknown Source)
22 Sep, 2018 10:38:36 PM org.apache.catalina.startup.ContextConfig parseWebXml
SEVERE: Parse error in application web.xml file at jndi:/localhost/myapp/WEB-INF/web.xml
org.xml.sax.SAXParseException: The element type "servlet-name" must be terminated by the matching end-tag "</servlet-name>".
	at com.sun.org.apache.xerces.internal.util.ErrorHandlerWrapper.createSAXParseException(Unknown Source)
	at com.sun.org.apache.xerces.internal.util.ErrorHandlerWrapper.fatalError(Unknown Source)
	at com.sun.org.apache.xerces.internal.impl.XMLErrorReporter.reportError(Unknown Source)
	at com.sun.org.apache.xerces.internal.impl.XMLScanner.reportFatalError(Unknown Source)
	at com.sun.org.apache.xerces.internal.impl.XMLDocumentFragmentScannerImpl.scanEndElement(Unknown Source)
	at com.sun.org.apache.xerces.internal.impl.XMLDocumentFragmentScannerImpl$FragmentContentDriver.next(Unknown Source)
	at com.sun.org.apache.xerces.internal.impl.XMLDocumentScannerImpl.next(Unknown Source)
	at com.sun.org.apache.xerces.internal.impl.XMLDocumentFragmentScannerImpl.scanDocument(Unknown Source)
	at com.sun.org.apache.xerces.internal.parsers.XML11Configuration.parse(Unknown Source)
	at com.sun.org.apache.xerces.internal.parsers.XML11Configuration.parse(Unknown Source)
	at com.sun.org.apache.xerces.internal.parsers.XMLParser.parse(Unknown Source)
	at com.sun.org.apache.xerces.internal.parsers.AbstractSAXParser.parse(Unknown Source)
	at com.sun.org.apache.xerces.internal.jaxp.SAXParserImpl$JAXPSAXParser.parse(Unknown Source)
	at org.apache.tomcat.util.digester.Digester.parse(Digester.java:1537)
	at org.apache.catalina.startup.ContextConfig.parseWebXml(ContextConfig.java:1879)
	at org.apache.catalina.startup.ContextConfig.webConfig(ContextConfig.java:1259)
	at org.apache.catalina.startup.ContextConfig.configureStart(ContextConfig.java:878)
	at org.apache.catalina.startup.ContextConfig.lifecycleEvent(ContextConfig.java:369)
	at org.apache.catalina.util.LifecycleSupport.fireLifecycleEvent(LifecycleSupport.java:119)
	at org.apache.catalina.util.LifecycleBase.fireLifecycleEvent(LifecycleBase.java:90)
	at org.apache.catalina.core.StandardContext.startInternal(StandardContext.java:5179)
	at org.apache.catalina.util.LifecycleBase.start(LifecycleBase.java:150)
	at org.apache.catalina.core.ContainerBase.addChildInternal(ContainerBase.java:901)
	at org.apache.catalina.core.ContainerBase.addChild(ContainerBase.java:877)
	at org.apache.catalina.core.StandardHost.addChild(StandardHost.java:633)
	at org.apache.catalina.startup.HostConfig.deployDirectory(HostConfig.java:1114)
	at org.apache.catalina.startup.HostConfig$DeployDirectory.run(HostConfig.java:1673)
	at java.util.concurrent.Executors$RunnableAdapter.call(Unknown Source)
	at java.util.concurrent.FutureTask$Sync.innerRun(Unknown Source)
	at java.util.concurrent.FutureTask.run(Unknown Source)
	at java.util.concurrent.ThreadPoolExecutor.runWorker(Unknown Source)
	at java.util.concurrent.ThreadPoolExecutor$Worker.run(Unknown Source)
	at java.lang.Thread.run(Unknown Source)
22 Sep, 2018 10:38:36 PM org.apache.catalina.startup.ContextConfig parseWebXml
SEVERE: Occurred at line 5 column 3
22 Sep, 2018 10:38:36 PM org.apache.catalina.startup.ContextConfig configureStart
SEVERE: Marking this application unavailable due to previous error(s)
22 Sep, 2018 10:38:36 PM org.apache.catalina.core.StandardContext startInternal
SEVERE: Error getConfigured
22 Sep, 2018 10:38:36 PM org.apache.catalina.core.StandardContext startInternal
SEVERE: Context [/myapp] startup failed due to previous errors
22 Sep, 2018 10:38:36 PM org.apache.catalina.startup.HostConfig deployDirectory
INFO: Deploying web application directory C:\Users\VSM3\Desktop\apache-tomcat-7.0.37-windows-x64\apache-tomcat-7.0.37\webapps\myprj
22 Sep, 2018 10:38:38 PM org.apache.catalina.startup.HostConfig deployDirectory
INFO: Deploying web application directory C:\Users\VSM3\Desktop\apache-tomcat-7.0.37-windows-x64\apache-tomcat-7.0.37\webapps\prj
22 Sep, 2018 10:38:38 PM org.apache.tomcat.util.digester.Digester fatalError
SEVERE: Parse Fatal Error at line 10 column 10: XML document structures must start and end within the same entity.
org.xml.sax.SAXParseException: XML document structures must start and end within the same entity.
	at com.sun.org.apache.xerces.internal.util.ErrorHandlerWrapper.createSAXParseException(Unknown Source)
	at com.sun.org.apache.xerces.internal.util.ErrorHandlerWrapper.fatalError(Unknown Source)
	at com.sun.org.apache.xerces.internal.impl.XMLErrorReporter.reportError(Unknown Source)
	at com.sun.org.apache.xerces.internal.impl.XMLScanner.reportFatalError(Unknown Source)
	at com.sun.org.apache.xerces.internal.impl.XMLDocumentFragmentScannerImpl.endEntity(Unknown Source)
	at com.sun.org.apache.xerces.internal.impl.XMLDocumentScannerImpl.endEntity(Unknown Source)
	at com.sun.org.apache.xerces.internal.impl.XMLEntityManager.endEntity(Unknown Source)
	at com.sun.org.apache.xerces.internal.impl.XMLEntityScanner.load(Unknown Source)
	at com.sun.org.apache.xerces.internal.impl.XMLEntityScanner.peekChar(Unknown Source)
	at com.sun.org.apache.xerces.internal.impl.XMLDocumentFragmentScannerImpl$FragmentContentDriver.next(Unknown Source)
	at com.sun.org.apache.xerces.internal.impl.XMLDocumentScannerImpl.next(Unknown Source)
	at com.sun.org.apache.xerces.internal.impl.XMLDocumentFragmentScannerImpl.scanDocument(Unknown Source)
	at com.sun.org.apache.xerces.internal.parsers.XML11Configuration.parse(Unknown Source)
	at com.sun.org.apache.xerces.internal.parsers.XML11Configuration.parse(Unknown Source)
	at com.sun.org.apache.xerces.internal.parsers.XMLParser.parse(Unknown Source)
	at com.sun.org.apache.xerces.internal.parsers.AbstractSAXParser.parse(Unknown Source)
	at com.sun.org.apache.xerces.internal.jaxp.SAXParserImpl$JAXPSAXParser.parse(Unknown Source)
	at org.apache.tomcat.util.digester.Digester.parse(Digester.java:1537)
	at org.apache.catalina.startup.ContextConfig.parseWebXml(ContextConfig.java:1879)
	at org.apache.catalina.startup.ContextConfig.webConfig(ContextConfig.java:1259)
	at org.apache.catalina.startup.ContextConfig.configureStart(ContextConfig.java:878)
	at org.apache.catalina.startup.ContextConfig.lifecycleEvent(ContextConfig.java:369)
	at org.apache.catalina.util.LifecycleSupport.fireLifecycleEvent(LifecycleSupport.java:119)
	at org.apache.catalina.util.LifecycleBase.fireLifecycleEvent(LifecycleBase.java:90)
	at org.apache.catalina.core.StandardContext.startInternal(StandardContext.java:5179)
	at org.apache.catalina.util.LifecycleBase.start(LifecycleBase.java:150)
	at org.apache.catalina.core.ContainerBase.addChildInternal(ContainerBase.java:901)
	at org.apache.catalina.core.ContainerBase.addChild(ContainerBase.java:877)
	at org.apache.catalina.core.StandardHost.addChild(StandardHost.java:633)
	at org.apache.catalina.startup.HostConfig.deployDirectory(HostConfig.java:1114)
	at org.apache.catalina.startup.HostConfig$DeployDirectory.run(HostConfig.java:1673)
	at java.util.concurrent.Executors$RunnableAdapter.call(Unknown Source)
	at java.util.concurrent.FutureTask$Sync.innerRun(Unknown Source)
	at java.util.concurrent.FutureTask.run(Unknown Source)
	at java.util.concurrent.ThreadPoolExecutor.runWorker(Unknown Source)
	at java.util.concurrent.ThreadPoolExecutor$Worker.run(Unknown Source)
	at java.lang.Thread.run(Unknown Source)
22 Sep, 2018 10:38:38 PM org.apache.catalina.startup.ContextConfig parseWebXml
SEVERE: Parse error in application web.xml file at jndi:/localhost/prj/WEB-INF/web.xml
org.xml.sax.SAXParseException: XML document structures must start and end within the same entity.
	at com.sun.org.apache.xerces.internal.util.ErrorHandlerWrapper.createSAXParseException(Unknown Source)
	at com.sun.org.apache.xerces.internal.util.ErrorHandlerWrapper.fatalError(Unknown Source)
	at com.sun.org.apache.xerces.internal.impl.XMLErrorReporter.reportError(Unknown Source)
	at com.sun.org.apache.xerces.internal.impl.XMLScanner.reportFatalError(Unknown Source)
	at com.sun.org.apache.xerces.internal.impl.XMLDocumentFragmentScannerImpl.endEntity(Unknown Source)
	at com.sun.org.apache.xerces.internal.impl.XMLDocumentScannerImpl.endEntity(Unknown Source)
	at com.sun.org.apache.xerces.internal.impl.XMLEntityManager.endEntity(Unknown Source)
	at com.sun.org.apache.xerces.internal.impl.XMLEntityScanner.load(Unknown Source)
	at com.sun.org.apache.xerces.internal.impl.XMLEntityScanner.peekChar(Unknown Source)
	at com.sun.org.apache.xerces.internal.impl.XMLDocumentFragmentScannerImpl$FragmentContentDriver.next(Unknown Source)
	at com.sun.org.apache.xerces.internal.impl.XMLDocumentScannerImpl.next(Unknown Source)
	at com.sun.org.apache.xerces.internal.impl.XMLDocumentFragmentScannerImpl.scanDocument(Unknown Source)
	at com.sun.org.apache.xerces.internal.parsers.XML11Configuration.parse(Unknown Source)
	at com.sun.org.apache.xerces.internal.parsers.XML11Configuration.parse(Unknown Source)
	at com.sun.org.apache.xerces.internal.parsers.XMLParser.parse(Unknown Source)
	at com.sun.org.apache.xerces.internal.parsers.AbstractSAXParser.parse(Unknown Source)
	at com.sun.org.apache.xerces.internal.jaxp.SAXParserImpl$JAXPSAXParser.parse(Unknown Source)
	at org.apache.tomcat.util.digester.Digester.parse(Digester.java:1537)
	at org.apache.catalina.startup.ContextConfig.parseWebXml(ContextConfig.java:1879)
	at org.apache.catalina.startup.ContextConfig.webConfig(ContextConfig.java:1259)
	at org.apache.catalina.startup.ContextConfig.configureStart(ContextConfig.java:878)
	at org.apache.catalina.startup.ContextConfig.lifecycleEvent(ContextConfig.java:369)
	at org.apache.catalina.util.LifecycleSupport.fireLifecycleEvent(LifecycleSupport.java:119)
	at org.apache.catalina.util.LifecycleBase.fireLifecycleEvent(LifecycleBase.java:90)
	at org.apache.catalina.core.StandardContext.startInternal(StandardContext.java:5179)
	at org.apache.catalina.util.LifecycleBase.start(LifecycleBase.java:150)
	at org.apache.catalina.core.ContainerBase.addChildInternal(ContainerBase.java:901)
	at org.apache.catalina.core.ContainerBase.addChild(ContainerBase.java:877)
	at org.apache.catalina.core.StandardHost.addChild(StandardHost.java:633)
	at org.apache.catalina.startup.HostConfig.deployDirectory(HostConfig.java:1114)
	at org.apache.catalina.startup.HostConfig$DeployDirectory.run(HostConfig.java:1673)
	at java.util.concurrent.Executors$RunnableAdapter.call(Unknown Source)
	at java.util.concurrent.FutureTask$Sync.innerRun(Unknown Source)
	at java.util.concurrent.FutureTask.run(Unknown Source)
	at java.util.concurrent.ThreadPoolExecutor.runWorker(Unknown Source)
	at java.util.concurrent.ThreadPoolExecutor$Worker.run(Unknown Source)
	at java.lang.Thread.run(Unknown Source)
22 Sep, 2018 10:38:38 PM org.apache.catalina.startup.ContextConfig parseWebXml
SEVERE: Occurred at line 10 column 10
22 Sep, 2018 10:38:38 PM org.apache.catalina.startup.ContextConfig configureStart
SEVERE: Marking this application unavailable due to previous error(s)
22 Sep, 2018 10:38:38 PM org.apache.catalina.core.StandardContext startInternal
SEVERE: Error getConfigured
22 Sep, 2018 10:38:38 PM org.apache.catalina.core.StandardContext startInternal
SEVERE: Context [/prj] startup failed due to previous errors
22 Sep, 2018 10:38:38 PM org.apache.catalina.startup.HostConfig deployDirectory
INFO: Deploying web application directory C:\Users\VSM3\Desktop\apache-tomcat-7.0.37-windows-x64\apache-tomcat-7.0.37\webapps\ROOT
22 Sep, 2018 10:38:38 PM org.apache.catalina.startup.HostConfig deployDirectory
INFO: Deploying web application directory C:\Users\VSM3\Desktop\apache-tomcat-7.0.37-windows-x64\apache-tomcat-7.0.37\webapps\welcome
22 Sep, 2018 10:38:38 PM org.apache.coyote.AbstractProtocol start
INFO: Starting ProtocolHandler ["http-bio-8080"]
22 Sep, 2018 10:38:38 PM org.apache.coyote.AbstractProtocol start
INFO: Starting ProtocolHandler ["ajp-bio-8009"]
22 Sep, 2018 10:38:38 PM org.apache.catalina.startup.Catalina start
INFO: Server startup in 4034 ms
22 Sep, 2018 10:46:18 PM org.apache.catalina.startup.HostConfig checkResources
INFO: Reloading context [/myapp]
22 Sep, 2018 10:46:18 PM org.apache.tomcat.util.digester.Digester fatalError
SEVERE: Parse Fatal Error at line 5 column 3: The element type "servlet-name" must be terminated by the matching end-tag "</servlet-name>".
org.xml.sax.SAXParseException: The element type "servlet-name" must be terminated by the matching end-tag "</servlet-name>".
	at com.sun.org.apache.xerces.internal.util.ErrorHandlerWrapper.createSAXParseException(Unknown Source)
	at com.sun.org.apache.xerces.internal.util.ErrorHandlerWrapper.fatalError(Unknown Source)
	at com.sun.org.apache.xerces.internal.impl.XMLErrorReporter.reportError(Unknown Source)
	at com.sun.org.apache.xerces.internal.impl.XMLScanner.reportFatalError(Unknown Source)
	at com.sun.org.apache.xerces.internal.impl.XMLDocumentFragmentScannerImpl.scanEndElement(Unknown Source)
	at com.sun.org.apache.xerces.internal.impl.XMLDocumentFragmentScannerImpl$FragmentContentDriver.next(Unknown Source)
	at com.sun.org.apache.xerces.internal.impl.XMLDocumentScannerImpl.next(Unknown Source)
	at com.sun.org.apache.xerces.internal.impl.XMLDocumentFragmentScannerImpl.scanDocument(Unknown Source)
	at com.sun.org.apache.xerces.internal.parsers.XML11Configuration.parse(Unknown Source)
	at com.sun.org.apache.xerces.internal.parsers.XML11Configuration.parse(Unknown Source)
	at com.sun.org.apache.xerces.internal.parsers.XMLParser.parse(Unknown Source)
	at com.sun.org.apache.xerces.internal.parsers.AbstractSAXParser.parse(Unknown Source)
	at com.sun.org.apache.xerces.internal.jaxp.SAXParserImpl$JAXPSAXParser.parse(Unknown Source)
	at org.apache.tomcat.util.digester.Digester.parse(Digester.java:1537)
	at org.apache.catalina.startup.ContextConfig.parseWebXml(ContextConfig.java:1879)
	at org.apache.catalina.startup.ContextConfig.webConfig(ContextConfig.java:1259)
	at org.apache.catalina.startup.ContextConfig.configureStart(ContextConfig.java:878)
	at org.apache.catalina.startup.ContextConfig.lifecycleEvent(ContextConfig.java:369)
	at org.apache.catalina.util.LifecycleSupport.fireLifecycleEvent(LifecycleSupport.java:119)
	at org.apache.catalina.util.LifecycleBase.fireLifecycleEvent(LifecycleBase.java:90)
	at org.apache.catalina.core.StandardContext.startInternal(StandardContext.java:5179)
	at org.apache.catalina.util.LifecycleBase.start(LifecycleBase.java:150)
	at org.apache.catalina.startup.HostConfig.checkResources(HostConfig.java:1276)
	at org.apache.catalina.startup.HostConfig.check(HostConfig.java:1440)
	at org.apache.catalina.startup.HostConfig.lifecycleEvent(HostConfig.java:301)
	at org.apache.catalina.util.LifecycleSupport.fireLifecycleEvent(LifecycleSupport.java:119)
	at org.apache.catalina.util.LifecycleBase.fireLifecycleEvent(LifecycleBase.java:90)
	at org.apache.catalina.core.ContainerBase.backgroundProcess(ContainerBase.java:1374)
	at org.apache.catalina.core.ContainerBase$ContainerBackgroundProcessor.processChildren(ContainerBase.java:1530)
	at org.apache.catalina.core.ContainerBase$ContainerBackgroundProcessor.processChildren(ContainerBase.java:1540)
	at org.apache.catalina.core.ContainerBase$ContainerBackgroundProcessor.run(ContainerBase.java:1519)
	at java.lang.Thread.run(Unknown Source)
22 Sep, 2018 10:46:18 PM org.apache.catalina.startup.ContextConfig parseWebXml
SEVERE: Parse error in application web.xml file at jndi:/localhost/myapp/WEB-INF/web.xml
org.xml.sax.SAXParseException: The element type "servlet-name" must be terminated by the matching end-tag "</servlet-name>".
	at com.sun.org.apache.xerces.internal.util.ErrorHandlerWrapper.createSAXParseException(Unknown Source)
	at com.sun.org.apache.xerces.internal.util.ErrorHandlerWrapper.fatalError(Unknown Source)
	at com.sun.org.apache.xerces.internal.impl.XMLErrorReporter.reportError(Unknown Source)
	at com.sun.org.apache.xerces.internal.impl.XMLScanner.reportFatalError(Unknown Source)
	at com.sun.org.apache.xerces.internal.impl.XMLDocumentFragmentScannerImpl.scanEndElement(Unknown Source)
	at com.sun.org.apache.xerces.internal.impl.XMLDocumentFragmentScannerImpl$FragmentContentDriver.next(Unknown Source)
	at com.sun.org.apache.xerces.internal.impl.XMLDocumentScannerImpl.next(Unknown Source)
	at com.sun.org.apache.xerces.internal.impl.XMLDocumentFragmentScannerImpl.scanDocument(Unknown Source)
	at com.sun.org.apache.xerces.internal.parsers.XML11Configuration.parse(Unknown Source)
	at com.sun.org.apache.xerces.internal.parsers.XML11Configuration.parse(Unknown Source)
	at com.sun.org.apache.xerces.internal.parsers.XMLParser.parse(Unknown Source)
	at com.sun.org.apache.xerces.internal.parsers.AbstractSAXParser.parse(Unknown Source)
	at com.sun.org.apache.xerces.internal.jaxp.SAXParserImpl$JAXPSAXParser.parse(Unknown Source)
	at org.apache.tomcat.util.digester.Digester.parse(Digester.java:1537)
	at org.apache.catalina.startup.ContextConfig.parseWebXml(ContextConfig.java:1879)
	at org.apache.catalina.startup.ContextConfig.webConfig(ContextConfig.java:1259)
	at org.apache.catalina.startup.ContextConfig.configureStart(ContextConfig.java:878)
	at org.apache.catalina.startup.ContextConfig.lifecycleEvent(ContextConfig.java:369)
	at org.apache.catalina.util.LifecycleSupport.fireLifecycleEvent(LifecycleSupport.java:119)
	at org.apache.catalina.util.LifecycleBase.fireLifecycleEvent(LifecycleBase.java:90)
	at org.apache.catalina.core.StandardContext.startInternal(StandardContext.java:5179)
	at org.apache.catalina.util.LifecycleBase.start(LifecycleBase.java:150)
	at org.apache.catalina.startup.HostConfig.checkResources(HostConfig.java:1276)
	at org.apache.catalina.startup.HostConfig.check(HostConfig.java:1440)
	at org.apache.catalina.startup.HostConfig.lifecycleEvent(HostConfig.java:301)
	at org.apache.catalina.util.LifecycleSupport.fireLifecycleEvent(LifecycleSupport.java:119)
	at org.apache.catalina.util.LifecycleBase.fireLifecycleEvent(LifecycleBase.java:90)
	at org.apache.catalina.core.ContainerBase.backgroundProcess(ContainerBase.java:1374)
	at org.apache.catalina.core.ContainerBase$ContainerBackgroundProcessor.processChildren(ContainerBase.java:1530)
	at org.apache.catalina.core.ContainerBase$ContainerBackgroundProcessor.processChildren(ContainerBase.java:1540)
	at org.apache.catalina.core.ContainerBase$ContainerBackgroundProcessor.run(ContainerBase.java:1519)
	at java.lang.Thread.run(Unknown Source)
22 Sep, 2018 10:46:18 PM org.apache.catalina.startup.ContextConfig parseWebXml
SEVERE: Occurred at line 5 column 3
22 Sep, 2018 10:46:18 PM org.apache.catalina.startup.ContextConfig configureStart
SEVERE: Marking this application unavailable due to previous error(s)
22 Sep, 2018 10:46:18 PM org.apache.catalina.core.StandardContext startInternal
SEVERE: Error getConfigured
22 Sep, 2018 10:46:18 PM org.apache.catalina.core.StandardContext startInternal
SEVERE: Context [/myapp] startup failed due to previous errors
22 Sep, 2018 10:49:39 PM org.apache.catalina.startup.HostConfig checkResources
INFO: Reloading context [/myapp]
22 Sep, 2018 10:49:39 PM org.apache.tomcat.util.digester.Digester fatalError
SEVERE: Parse Fatal Error at line 5 column 3: The element type "servlet-name" must be terminated by the matching end-tag "</servlet-name>".
org.xml.sax.SAXParseException: The element type "servlet-name" must be terminated by the matching end-tag "</servlet-name>".
	at com.sun.org.apache.xerces.internal.util.ErrorHandlerWrapper.createSAXParseException(Unknown Source)
	at com.sun.org.apache.xerces.internal.util.ErrorHandlerWrapper.fatalError(Unknown Source)
	at com.sun.org.apache.xerces.internal.impl.XMLErrorReporter.reportError(Unknown Source)
	at com.sun.org.apache.xerces.internal.impl.XMLScanner.reportFatalError(Unknown Source)
	at com.sun.org.apache.xerces.internal.impl.XMLDocumentFragmentScannerImpl.scanEndElement(Unknown Source)
	at com.sun.org.apache.xerces.internal.impl.XMLDocumentFragmentScannerImpl$FragmentContentDriver.next(Unknown Source)
	at com.sun.org.apache.xerces.internal.impl.XMLDocumentScannerImpl.next(Unknown Source)
	at com.sun.org.apache.xerces.internal.impl.XMLDocumentFragmentScannerImpl.scanDocument(Unknown Source)
	at com.sun.org.apache.xerces.internal.parsers.XML11Configuration.parse(Unknown Source)
	at com.sun.org.apache.xerces.internal.parsers.XML11Configuration.parse(Unknown Source)
	at com.sun.org.apache.xerces.internal.parsers.XMLParser.parse(Unknown Source)
	at com.sun.org.apache.xerces.internal.parsers.AbstractSAXParser.parse(Unknown Source)
	at com.sun.org.apache.xerces.internal.jaxp.SAXParserImpl$JAXPSAXParser.parse(Unknown Source)
	at org.apache.tomcat.util.digester.Digester.parse(Digester.java:1537)
	at org.apache.catalina.startup.ContextConfig.parseWebXml(ContextConfig.java:1879)
	at org.apache.catalina.startup.ContextConfig.webConfig(ContextConfig.java:1259)
	at org.apache.catalina.startup.ContextConfig.configureStart(ContextConfig.java:878)
	at org.apache.catalina.startup.ContextConfig.lifecycleEvent(ContextConfig.java:369)
	at org.apache.catalina.util.LifecycleSupport.fireLifecycleEvent(LifecycleSupport.java:119)
	at org.apache.catalina.util.LifecycleBase.fireLifecycleEvent(LifecycleBase.java:90)
	at org.apache.catalina.core.StandardContext.startInternal(StandardContext.java:5179)
	at org.apache.catalina.util.LifecycleBase.start(LifecycleBase.java:150)
	at org.apache.catalina.startup.HostConfig.checkResources(HostConfig.java:1276)
	at org.apache.catalina.startup.HostConfig.check(HostConfig.java:1440)
	at org.apache.catalina.startup.HostConfig.lifecycleEvent(HostConfig.java:301)
	at org.apache.catalina.util.LifecycleSupport.fireLifecycleEvent(LifecycleSupport.java:119)
	at org.apache.catalina.util.LifecycleBase.fireLifecycleEvent(LifecycleBase.java:90)
	at org.apache.catalina.core.ContainerBase.backgroundProcess(ContainerBase.java:1374)
	at org.apache.catalina.core.ContainerBase$ContainerBackgroundProcessor.processChildren(ContainerBase.java:1530)
	at org.apache.catalina.core.ContainerBase$ContainerBackgroundProcessor.processChildren(ContainerBase.java:1540)
	at org.apache.catalina.core.ContainerBase$ContainerBackgroundProcessor.run(ContainerBase.java:1519)
	at java.lang.Thread.run(Unknown Source)
22 Sep, 2018 10:49:39 PM org.apache.catalina.startup.ContextConfig parseWebXml
SEVERE: Parse error in application web.xml file at jndi:/localhost/myapp/WEB-INF/web.xml
org.xml.sax.SAXParseException: The element type "servlet-name" must be terminated by the matching end-tag "</servlet-name>".
	at com.sun.org.apache.xerces.internal.util.ErrorHandlerWrapper.createSAXParseException(Unknown Source)
	at com.sun.org.apache.xerces.internal.util.ErrorHandlerWrapper.fatalError(Unknown Source)
	at com.sun.org.apache.xerces.internal.impl.XMLErrorReporter.reportError(Unknown Source)
	at com.sun.org.apache.xerces.internal.impl.XMLScanner.reportFatalError(Unknown Source)
	at com.sun.org.apache.xerces.internal.impl.XMLDocumentFragmentScannerImpl.scanEndElement(Unknown Source)
	at com.sun.org.apache.xerces.internal.impl.XMLDocumentFragmentScannerImpl$FragmentContentDriver.next(Unknown Source)
	at com.sun.org.apache.xerces.internal.impl.XMLDocumentScannerImpl.next(Unknown Source)
	at com.sun.org.apache.xerces.internal.impl.XMLDocumentFragmentScannerImpl.scanDocument(Unknown Source)
	at com.sun.org.apache.xerces.internal.parsers.XML11Configuration.parse(Unknown Source)
	at com.sun.org.apache.xerces.internal.parsers.XML11Configuration.parse(Unknown Source)
	at com.sun.org.apache.xerces.internal.parsers.XMLParser.parse(Unknown Source)
	at com.sun.org.apache.xerces.internal.parsers.AbstractSAXParser.parse(Unknown Source)
	at com.sun.org.apache.xerces.internal.jaxp.SAXParserImpl$JAXPSAXParser.parse(Unknown Source)
	at org.apache.tomcat.util.digester.Digester.parse(Digester.java:1537)
	at org.apache.catalina.startup.ContextConfig.parseWebXml(ContextConfig.java:1879)
	at org.apache.catalina.startup.ContextConfig.webConfig(ContextConfig.java:1259)
	at org.apache.catalina.startup.ContextConfig.configureStart(ContextConfig.java:878)
	at org.apache.catalina.startup.ContextConfig.lifecycleEvent(ContextConfig.java:369)
	at org.apache.catalina.util.LifecycleSupport.fireLifecycleEvent(LifecycleSupport.java:119)
	at org.apache.catalina.util.LifecycleBase.fireLifecycleEvent(LifecycleBase.java:90)
	at org.apache.catalina.core.StandardContext.startInternal(StandardContext.java:5179)
	at org.apache.catalina.util.LifecycleBase.start(LifecycleBase.java:150)
	at org.apache.catalina.startup.HostConfig.checkResources(HostConfig.java:1276)
	at org.apache.catalina.startup.HostConfig.check(HostConfig.java:1440)
	at org.apache.catalina.startup.HostConfig.lifecycleEvent(HostConfig.java:301)
	at org.apache.catalina.util.LifecycleSupport.fireLifecycleEvent(LifecycleSupport.java:119)
	at org.apache.catalina.util.LifecycleBase.fireLifecycleEvent(LifecycleBase.java:90)
	at org.apache.catalina.core.ContainerBase.backgroundProcess(ContainerBase.java:1374)
	at org.apache.catalina.core.ContainerBase$ContainerBackgroundProcessor.processChildren(ContainerBase.java:1530)
	at org.apache.catalina.core.ContainerBase$ContainerBackgroundProcessor.processChildren(ContainerBase.java:1540)
	at org.apache.catalina.core.ContainerBase$ContainerBackgroundProcessor.run(ContainerBase.java:1519)
	at java.lang.Thread.run(Unknown Source)
22 Sep, 2018 10:49:39 PM org.apache.catalina.startup.ContextConfig parseWebXml
SEVERE: Occurred at line 5 column 3
22 Sep, 2018 10:49:39 PM org.apache.catalina.startup.ContextConfig configureStart
SEVERE: Marking this application unavailable due to previous error(s)
22 Sep, 2018 10:49:39 PM org.apache.catalina.core.StandardContext startInternal
SEVERE: Error getConfigured
22 Sep, 2018 10:49:39 PM org.apache.catalina.core.StandardContext startInternal
SEVERE: Context [/myapp] startup failed due to previous errors
22 Sep, 2018 11:47:19 PM org.apache.catalina.core.AprLifecycleListener init
INFO: The APR based Apache Tomcat Native library which allows optimal performance in production environments was not found on the java.library.path: C:\Program Files (x86)\Java\jre1.7.0\bin;.;C:\Windows\Sun\Java\bin;C:\Windows\system32;C:\Windows;C:\Program Files (x86)\Java\jdk1.7.0\bin;
22 Sep, 2018 11:47:19 PM org.apache.coyote.AbstractProtocol init
INFO: Initializing ProtocolHandler ["http-bio-8080"]
22 Sep, 2018 11:47:20 PM org.apache.coyote.AbstractProtocol init
INFO: Initializing ProtocolHandler ["ajp-bio-8009"]
22 Sep, 2018 11:47:20 PM org.apache.catalina.startup.Catalina load
INFO: Initialization processed in 734 ms
22 Sep, 2018 11:47:20 PM org.apache.catalina.core.StandardService startInternal
INFO: Starting service Catalina
22 Sep, 2018 11:47:20 PM org.apache.catalina.core.StandardEngine startInternal
INFO: Starting Servlet Engine: Apache Tomcat/7.0.37
22 Sep, 2018 11:47:20 PM org.apache.catalina.startup.HostConfig deployDirectory
INFO: Deploying web application directory C:\Users\VSM3\Desktop\apache-tomcat-7.0.37-windows-x64\apache-tomcat-7.0.37\webapps\docs
22 Sep, 2018 11:47:20 PM org.apache.catalina.startup.HostConfig deployDirectory
INFO: Deploying web application directory C:\Users\VSM3\Desktop\apache-tomcat-7.0.37-windows-x64\apache-tomcat-7.0.37\webapps\examples
22 Sep, 2018 11:47:20 PM org.apache.catalina.startup.HostConfig deployDirectory
INFO: Deploying web application directory C:\Users\VSM3\Desktop\apache-tomcat-7.0.37-windows-x64\apache-tomcat-7.0.37\webapps\host-manager
22 Sep, 2018 11:47:20 PM org.apache.catalina.startup.HostConfig deployDirectory
INFO: Deploying web application directory C:\Users\VSM3\Desktop\apache-tomcat-7.0.37-windows-x64\apache-tomcat-7.0.37\webapps\manager
22 Sep, 2018 11:47:20 PM org.apache.catalina.startup.HostConfig deployDirectory
INFO: Deploying web application directory C:\Users\VSM3\Desktop\apache-tomcat-7.0.37-windows-x64\apache-tomcat-7.0.37\webapps\myapp
22 Sep, 2018 11:47:20 PM org.apache.tomcat.util.digester.Digester fatalError
SEVERE: Parse Fatal Error at line 5 column 3: The element type "servlet-name" must be terminated by the matching end-tag "</servlet-name>".
org.xml.sax.SAXParseException: The element type "servlet-name" must be terminated by the matching end-tag "</servlet-name>".
	at com.sun.org.apache.xerces.internal.util.ErrorHandlerWrapper.createSAXParseException(Unknown Source)
	at com.sun.org.apache.xerces.internal.util.ErrorHandlerWrapper.fatalError(Unknown Source)
	at com.sun.org.apache.xerces.internal.impl.XMLErrorReporter.reportError(Unknown Source)
	at com.sun.org.apache.xerces.internal.impl.XMLScanner.reportFatalError(Unknown Source)
	at com.sun.org.apache.xerces.internal.impl.XMLDocumentFragmentScannerImpl.scanEndElement(Unknown Source)
	at com.sun.org.apache.xerces.internal.impl.XMLDocumentFragmentScannerImpl$FragmentContentDriver.next(Unknown Source)
	at com.sun.org.apache.xerces.internal.impl.XMLDocumentScannerImpl.next(Unknown Source)
	at com.sun.org.apache.xerces.internal.impl.XMLDocumentFragmentScannerImpl.scanDocument(Unknown Source)
	at com.sun.org.apache.xerces.internal.parsers.XML11Configuration.parse(Unknown Source)
	at com.sun.org.apache.xerces.internal.parsers.XML11Configuration.parse(Unknown Source)
	at com.sun.org.apache.xerces.internal.parsers.XMLParser.parse(Unknown Source)
	at com.sun.org.apache.xerces.internal.parsers.AbstractSAXParser.parse(Unknown Source)
	at com.sun.org.apache.xerces.internal.jaxp.SAXParserImpl$JAXPSAXParser.parse(Unknown Source)
	at org.apache.tomcat.util.digester.Digester.parse(Digester.java:1537)
	at org.apache.catalina.startup.ContextConfig.parseWebXml(ContextConfig.java:1879)
	at org.apache.catalina.startup.ContextConfig.webConfig(ContextConfig.java:1259)
	at org.apache.catalina.startup.ContextConfig.configureStart(ContextConfig.java:878)
	at org.apache.catalina.startup.ContextConfig.lifecycleEvent(ContextConfig.java:369)
	at org.apache.catalina.util.LifecycleSupport.fireLifecycleEvent(LifecycleSupport.java:119)
	at org.apache.catalina.util.LifecycleBase.fireLifecycleEvent(LifecycleBase.java:90)
	at org.apache.catalina.core.StandardContext.startInternal(StandardContext.java:5179)
	at org.apache.catalina.util.LifecycleBase.start(LifecycleBase.java:150)
	at org.apache.catalina.core.ContainerBase.addChildInternal(ContainerBase.java:901)
	at org.apache.catalina.core.ContainerBase.addChild(ContainerBase.java:877)
	at org.apache.catalina.core.StandardHost.addChild(StandardHost.java:633)
	at org.apache.catalina.startup.HostConfig.deployDirectory(HostConfig.java:1114)
	at org.apache.catalina.startup.HostConfig$DeployDirectory.run(HostConfig.java:1673)
	at java.util.concurrent.Executors$RunnableAdapter.call(Unknown Source)
	at java.util.concurrent.FutureTask$Sync.innerRun(Unknown Source)
	at java.util.concurrent.FutureTask.run(Unknown Source)
	at java.util.concurrent.ThreadPoolExecutor.runWorker(Unknown Source)
	at java.util.concurrent.ThreadPoolExecutor$Worker.run(Unknown Source)
	at java.lang.Thread.run(Unknown Source)
22 Sep, 2018 11:47:20 PM org.apache.catalina.startup.ContextConfig parseWebXml
SEVERE: Parse error in application web.xml file at jndi:/localhost/myapp/WEB-INF/web.xml
org.xml.sax.SAXParseException: The element type "servlet-name" must be terminated by the matching end-tag "</servlet-name>".
	at com.sun.org.apache.xerces.internal.util.ErrorHandlerWrapper.createSAXParseException(Unknown Source)
	at com.sun.org.apache.xerces.internal.util.ErrorHandlerWrapper.fatalError(Unknown Source)
	at com.sun.org.apache.xerces.internal.impl.XMLErrorReporter.reportError(Unknown Source)
	at com.sun.org.apache.xerces.internal.impl.XMLScanner.reportFatalError(Unknown Source)
	at com.sun.org.apache.xerces.internal.impl.XMLDocumentFragmentScannerImpl.scanEndElement(Unknown Source)
	at com.sun.org.apache.xerces.internal.impl.XMLDocumentFragmentScannerImpl$FragmentContentDriver.next(Unknown Source)
	at com.sun.org.apache.xerces.internal.impl.XMLDocumentScannerImpl.next(Unknown Source)
	at com.sun.org.apache.xerces.internal.impl.XMLDocumentFragmentScannerImpl.scanDocument(Unknown Source)
	at com.sun.org.apache.xerces.internal.parsers.XML11Configuration.parse(Unknown Source)
	at com.sun.org.apache.xerces.internal.parsers.XML11Configuration.parse(Unknown Source)
	at com.sun.org.apache.xerces.internal.parsers.XMLParser.parse(Unknown Source)
	at com.sun.org.apache.xerces.internal.parsers.AbstractSAXParser.parse(Unknown Source)
	at com.sun.org.apache.xerces.internal.jaxp.SAXParserImpl$JAXPSAXParser.parse(Unknown Source)
	at org.apache.tomcat.util.digester.Digester.parse(Digester.java:1537)
	at org.apache.catalina.startup.ContextConfig.parseWebXml(ContextConfig.java:1879)
	at org.apache.catalina.startup.ContextConfig.webConfig(ContextConfig.java:1259)
	at org.apache.catalina.startup.ContextConfig.configureStart(ContextConfig.java:878)
	at org.apache.catalina.startup.ContextConfig.lifecycleEvent(ContextConfig.java:369)
	at org.apache.catalina.util.LifecycleSupport.fireLifecycleEvent(LifecycleSupport.java:119)
	at org.apache.catalina.util.LifecycleBase.fireLifecycleEvent(LifecycleBase.java:90)
	at org.apache.catalina.core.StandardContext.startInternal(StandardContext.java:5179)
	at org.apache.catalina.util.LifecycleBase.start(LifecycleBase.java:150)
	at org.apache.catalina.core.ContainerBase.addChildInternal(ContainerBase.java:901)
	at org.apache.catalina.core.ContainerBase.addChild(ContainerBase.java:877)
	at org.apache.catalina.core.StandardHost.addChild(StandardHost.java:633)
	at org.apache.catalina.startup.HostConfig.deployDirectory(HostConfig.java:1114)
	at org.apache.catalina.startup.HostConfig$DeployDirectory.run(HostConfig.java:1673)
	at java.util.concurrent.Executors$RunnableAdapter.call(Unknown Source)
	at java.util.concurrent.FutureTask$Sync.innerRun(Unknown Source)
	at java.util.concurrent.FutureTask.run(Unknown Source)
	at java.util.concurrent.ThreadPoolExecutor.runWorker(Unknown Source)
	at java.util.concurrent.ThreadPoolExecutor$Worker.run(Unknown Source)
	at java.lang.Thread.run(Unknown Source)
22 Sep, 2018 11:47:21 PM org.apache.catalina.startup.ContextConfig parseWebXml
SEVERE: Occurred at line 5 column 3
22 Sep, 2018 11:47:21 PM org.apache.catalina.startup.ContextConfig configureStart
SEVERE: Marking this application unavailable due to previous error(s)
22 Sep, 2018 11:47:21 PM org.apache.catalina.core.StandardContext startInternal
SEVERE: Error getConfigured
22 Sep, 2018 11:47:21 PM org.apache.catalina.core.StandardContext startInternal
SEVERE: Context [/myapp] startup failed due to previous errors
22 Sep, 2018 11:47:21 PM org.apache.catalina.startup.HostConfig deployDirectory
INFO: Deploying web application directory C:\Users\VSM3\Desktop\apache-tomcat-7.0.37-windows-x64\apache-tomcat-7.0.37\webapps\myprj
22 Sep, 2018 11:47:21 PM org.apache.catalina.startup.HostConfig deployDirectory
INFO: Deploying web application directory C:\Users\VSM3\Desktop\apache-tomcat-7.0.37-windows-x64\apache-tomcat-7.0.37\webapps\prj
22 Sep, 2018 11:47:21 PM org.apache.tomcat.util.digester.Digester fatalError
SEVERE: Parse Fatal Error at line 10 column 10: XML document structures must start and end within the same entity.
org.xml.sax.SAXParseException: XML document structures must start and end within the same entity.
	at com.sun.org.apache.xerces.internal.util.ErrorHandlerWrapper.createSAXParseException(Unknown Source)
	at com.sun.org.apache.xerces.internal.util.ErrorHandlerWrapper.fatalError(Unknown Source)
	at com.sun.org.apache.xerces.internal.impl.XMLErrorReporter.reportError(Unknown Source)
	at com.sun.org.apache.xerces.internal.impl.XMLScanner.reportFatalError(Unknown Source)
	at com.sun.org.apache.xerces.internal.impl.XMLDocumentFragmentScannerImpl.endEntity(Unknown Source)
	at com.sun.org.apache.xerces.internal.impl.XMLDocumentScannerImpl.endEntity(Unknown Source)
	at com.sun.org.apache.xerces.internal.impl.XMLEntityManager.endEntity(Unknown Source)
	at com.sun.org.apache.xerces.internal.impl.XMLEntityScanner.load(Unknown Source)
	at com.sun.org.apache.xerces.internal.impl.XMLEntityScanner.peekChar(Unknown Source)
	at com.sun.org.apache.xerces.internal.impl.XMLDocumentFragmentScannerImpl$FragmentContentDriver.next(Unknown Source)
	at com.sun.org.apache.xerces.internal.impl.XMLDocumentScannerImpl.next(Unknown Source)
	at com.sun.org.apache.xerces.internal.impl.XMLDocumentFragmentScannerImpl.scanDocument(Unknown Source)
	at com.sun.org.apache.xerces.internal.parsers.XML11Configuration.parse(Unknown Source)
	at com.sun.org.apache.xerces.internal.parsers.XML11Configuration.parse(Unknown Source)
	at com.sun.org.apache.xerces.internal.parsers.XMLParser.parse(Unknown Source)
	at com.sun.org.apache.xerces.internal.parsers.AbstractSAXParser.parse(Unknown Source)
	at com.sun.org.apache.xerces.internal.jaxp.SAXParserImpl$JAXPSAXParser.parse(Unknown Source)
	at org.apache.tomcat.util.digester.Digester.parse(Digester.java:1537)
	at org.apache.catalina.startup.ContextConfig.parseWebXml(ContextConfig.java:1879)
	at org.apache.catalina.startup.ContextConfig.webConfig(ContextConfig.java:1259)
	at org.apache.catalina.startup.ContextConfig.configureStart(ContextConfig.java:878)
	at org.apache.catalina.startup.ContextConfig.lifecycleEvent(ContextConfig.java:369)
	at org.apache.catalina.util.LifecycleSupport.fireLifecycleEvent(LifecycleSupport.java:119)
	at org.apache.catalina.util.LifecycleBase.fireLifecycleEvent(LifecycleBase.java:90)
	at org.apache.catalina.core.StandardContext.startInternal(StandardContext.java:5179)
	at org.apache.catalina.util.LifecycleBase.start(LifecycleBase.java:150)
	at org.apache.catalina.core.ContainerBase.addChildInternal(ContainerBase.java:901)
	at org.apache.catalina.core.ContainerBase.addChild(ContainerBase.java:877)
	at org.apache.catalina.core.StandardHost.addChild(StandardHost.java:633)
	at org.apache.catalina.startup.HostConfig.deployDirectory(HostConfig.java:1114)
	at org.apache.catalina.startup.HostConfig$DeployDirectory.run(HostConfig.java:1673)
	at java.util.concurrent.Executors$RunnableAdapter.call(Unknown Source)
	at java.util.concurrent.FutureTask$Sync.innerRun(Unknown Source)
	at java.util.concurrent.FutureTask.run(Unknown Source)
	at java.util.concurrent.ThreadPoolExecutor.runWorker(Unknown Source)
	at java.util.concurrent.ThreadPoolExecutor$Worker.run(Unknown Source)
	at java.lang.Thread.run(Unknown Source)
22 Sep, 2018 11:47:21 PM org.apache.catalina.startup.ContextConfig parseWebXml
SEVERE: Parse error in application web.xml file at jndi:/localhost/prj/WEB-INF/web.xml
org.xml.sax.SAXParseException: XML document structures must start and end within the same entity.
	at com.sun.org.apache.xerces.internal.util.ErrorHandlerWrapper.createSAXParseException(Unknown Source)
	at com.sun.org.apache.xerces.internal.util.ErrorHandlerWrapper.fatalError(Unknown Source)
	at com.sun.org.apache.xerces.internal.impl.XMLErrorReporter.reportError(Unknown Source)
	at com.sun.org.apache.xerces.internal.impl.XMLScanner.reportFatalError(Unknown Source)
	at com.sun.org.apache.xerces.internal.impl.XMLDocumentFragmentScannerImpl.endEntity(Unknown Source)
	at com.sun.org.apache.xerces.internal.impl.XMLDocumentScannerImpl.endEntity(Unknown Source)
	at com.sun.org.apache.xerces.internal.impl.XMLEntityManager.endEntity(Unknown Source)
	at com.sun.org.apache.xerces.internal.impl.XMLEntityScanner.load(Unknown Source)
	at com.sun.org.apache.xerces.internal.impl.XMLEntityScanner.peekChar(Unknown Source)
	at com.sun.org.apache.xerces.internal.impl.XMLDocumentFragmentScannerImpl$FragmentContentDriver.next(Unknown Source)
	at com.sun.org.apache.xerces.internal.impl.XMLDocumentScannerImpl.next(Unknown Source)
	at com.sun.org.apache.xerces.internal.impl.XMLDocumentFragmentScannerImpl.scanDocument(Unknown Source)
	at com.sun.org.apache.xerces.internal.parsers.XML11Configuration.parse(Unknown Source)
	at com.sun.org.apache.xerces.internal.parsers.XML11Configuration.parse(Unknown Source)
	at com.sun.org.apache.xerces.internal.parsers.XMLParser.parse(Unknown Source)
	at com.sun.org.apache.xerces.internal.parsers.AbstractSAXParser.parse(Unknown Source)
	at com.sun.org.apache.xerces.internal.jaxp.SAXParserImpl$JAXPSAXParser.parse(Unknown Source)
	at org.apache.tomcat.util.digester.Digester.parse(Digester.java:1537)
	at org.apache.catalina.startup.ContextConfig.parseWebXml(ContextConfig.java:1879)
	at org.apache.catalina.startup.ContextConfig.webConfig(ContextConfig.java:1259)
	at org.apache.catalina.startup.ContextConfig.configureStart(ContextConfig.java:878)
	at org.apache.catalina.startup.ContextConfig.lifecycleEvent(ContextConfig.java:369)
	at org.apache.catalina.util.LifecycleSupport.fireLifecycleEvent(LifecycleSupport.java:119)
	at org.apache.catalina.util.LifecycleBase.fireLifecycleEvent(LifecycleBase.java:90)
	at org.apache.catalina.core.StandardContext.startInternal(StandardContext.java:5179)
	at org.apache.catalina.util.LifecycleBase.start(LifecycleBase.java:150)
	at org.apache.catalina.core.ContainerBase.addChildInternal(ContainerBase.java:901)
	at org.apache.catalina.core.ContainerBase.addChild(ContainerBase.java:877)
	at org.apache.catalina.core.StandardHost.addChild(StandardHost.java:633)
	at org.apache.catalina.startup.HostConfig.deployDirectory(HostConfig.java:1114)
	at org.apache.catalina.startup.HostConfig$DeployDirectory.run(HostConfig.java:1673)
	at java.util.concurrent.Executors$RunnableAdapter.call(Unknown Source)
	at java.util.concurrent.FutureTask$Sync.innerRun(Unknown Source)
	at java.util.concurrent.FutureTask.run(Unknown Source)
	at java.util.concurrent.ThreadPoolExecutor.runWorker(Unknown Source)
	at java.util.concurrent.ThreadPoolExecutor$Worker.run(Unknown Source)
	at java.lang.Thread.run(Unknown Source)
22 Sep, 2018 11:47:21 PM org.apache.catalina.startup.ContextConfig parseWebXml
SEVERE: Occurred at line 10 column 10
22 Sep, 2018 11:47:21 PM org.apache.catalina.startup.ContextConfig configureStart
SEVERE: Marking this application unavailable due to previous error(s)
22 Sep, 2018 11:47:21 PM org.apache.catalina.core.StandardContext startInternal
SEVERE: Error getConfigured
22 Sep, 2018 11:47:21 PM org.apache.catalina.core.StandardContext startInternal
SEVERE: Context [/prj] startup failed due to previous errors
22 Sep, 2018 11:47:21 PM org.apache.catalina.startup.HostConfig deployDirectory
INFO: Deploying web application directory C:\Users\VSM3\Desktop\apache-tomcat-7.0.37-windows-x64\apache-tomcat-7.0.37\webapps\ROOT
22 Sep, 2018 11:47:21 PM org.apache.catalina.startup.HostConfig deployDirectory
INFO: Deploying web application directory C:\Users\VSM3\Desktop\apache-tomcat-7.0.37-windows-x64\apache-tomcat-7.0.37\webapps\welcome
22 Sep, 2018 11:47:22 PM org.apache.coyote.AbstractProtocol start
INFO: Starting ProtocolHandler ["http-bio-8080"]
22 Sep, 2018 11:47:22 PM org.apache.coyote.AbstractProtocol start
INFO: Starting ProtocolHandler ["ajp-bio-8009"]
22 Sep, 2018 11:47:22 PM org.apache.catalina.startup.Catalina start
INFO: Server startup in 2021 ms
22 Sep, 2018 11:49:52 PM org.apache.catalina.core.StandardServer await
INFO: A valid shutdown command was received via the shutdown port. Stopping the Server instance.
22 Sep, 2018 11:49:52 PM org.apache.coyote.AbstractProtocol pause
INFO: Pausing ProtocolHandler ["http-bio-8080"]
22 Sep, 2018 11:49:52 PM org.apache.coyote.AbstractProtocol pause
INFO: Pausing ProtocolHandler ["ajp-bio-8009"]
22 Sep, 2018 11:49:52 PM org.apache.catalina.core.StandardService stopInternal
INFO: Stopping service Catalina
22 Sep, 2018 11:49:53 PM org.apache.coyote.AbstractProtocol stop
INFO: Stopping ProtocolHandler ["http-bio-8080"]
22 Sep, 2018 11:49:53 PM org.apache.coyote.AbstractProtocol stop
INFO: Stopping ProtocolHandler ["ajp-bio-8009"]
22 Sep, 2018 11:49:53 PM org.apache.coyote.AbstractProtocol destroy
INFO: Destroying ProtocolHandler ["http-bio-8080"]
22 Sep, 2018 11:49:53 PM org.apache.coyote.AbstractProtocol destroy
INFO: Destroying ProtocolHandler ["ajp-bio-8009"]
