20 Sep, 2018 9:01:52 AM org.apache.catalina.core.ApplicationContext log
INFO: ContextListener: contextInitialized()
20 Sep, 2018 9:01:52 AM org.apache.catalina.core.ApplicationContext log
INFO: SessionListener: contextInitialized()
20 Sep, 2018 9:01:52 AM org.apache.catalina.core.ApplicationContext log
INFO: ContextListener: attributeAdded('org.apache.jasper.compiler.TldLocationsCache', 'org.apache.jasper.compiler.TldLocationsCache@cb42cf')
20 Sep, 2018 9:36:44 AM org.apache.catalina.core.ApplicationContext log
INFO: SessionListener: contextDestroyed()
20 Sep, 2018 9:36:44 AM org.apache.catalina.core.ApplicationContext log
INFO: ContextListener: contextDestroyed()
20 Sep, 2018 10:39:18 AM org.apache.catalina.core.ApplicationContext log
INFO: ContextListener: contextInitialized()
20 Sep, 2018 10:39:18 AM org.apache.catalina.core.ApplicationContext log
INFO: SessionListener: contextInitialized()
20 Sep, 2018 10:39:18 AM org.apache.catalina.core.ApplicationContext log
INFO: ContextListener: attributeAdded('org.apache.jasper.compiler.TldLocationsCache', 'org.apache.jasper.compiler.TldLocationsCache@1955970')
20 Sep, 2018 10:41:27 AM org.apache.catalina.core.ApplicationContext log
INFO: Marking servlet servlet1 as unavailable
20 Sep, 2018 10:41:27 AM org.apache.catalina.core.StandardWrapperValve invoke
SEVERE: Allocate exception for servlet servlet1
java.lang.ClassNotFoundException: Welcome.class
	at org.apache.catalina.loader.WebappClassLoader.loadClass(WebappClassLoader.java:1713)
	at org.apache.catalina.loader.WebappClassLoader.loadClass(WebappClassLoader.java:1558)
	at org.apache.catalina.core.DefaultInstanceManager.loadClass(DefaultInstanceManager.java:527)
	at org.apache.catalina.core.DefaultInstanceManager.loadClassMaybePrivileged(DefaultInstanceManager.java:509)
	at org.apache.catalina.core.DefaultInstanceManager.newInstance(DefaultInstanceManager.java:137)
	at org.apache.catalina.core.StandardWrapper.loadServlet(StandardWrapper.java:1144)
	at org.apache.catalina.core.StandardWrapper.allocate(StandardWrapper.java:865)
	at org.apache.catalina.core.StandardWrapperValve.invoke(StandardWrapperValve.java:136)
	at org.apache.catalina.core.StandardContextValve.invoke(StandardContextValve.java:123)
	at org.apache.catalina.authenticator.AuthenticatorBase.invoke(AuthenticatorBase.java:472)
	at org.apache.catalina.core.StandardHostValve.invoke(StandardHostValve.java:171)
	at org.apache.catalina.valves.ErrorReportValve.invoke(ErrorReportValve.java:99)
	at org.apache.catalina.valves.AccessLogValve.invoke(AccessLogValve.java:936)
	at org.apache.catalina.core.StandardEngineValve.invoke(StandardEngineValve.java:118)
	at org.apache.catalina.connector.CoyoteAdapter.service(CoyoteAdapter.java:407)
	at org.apache.coyote.http11.AbstractHttp11Processor.process(AbstractHttp11Processor.java:1004)
	at org.apache.coyote.AbstractProtocol$AbstractConnectionHandler.process(AbstractProtocol.java:589)
	at org.apache.tomcat.util.net.JIoEndpoint$SocketProcessor.run(JIoEndpoint.java:310)
	at java.util.concurrent.ThreadPoolExecutor.runWorker(Unknown Source)
	at java.util.concurrent.ThreadPoolExecutor$Worker.run(Unknown Source)
	at java.lang.Thread.run(Unknown Source)
20 Sep, 2018 11:21:36 AM org.apache.catalina.core.ApplicationContext log
INFO: ContextListener: contextInitialized()
20 Sep, 2018 11:21:36 AM org.apache.catalina.core.ApplicationContext log
INFO: SessionListener: contextInitialized()
20 Sep, 2018 11:21:36 AM org.apache.catalina.core.ApplicationContext log
INFO: ContextListener: attributeAdded('org.apache.jasper.compiler.TldLocationsCache', 'org.apache.jasper.compiler.TldLocationsCache@cb42cf')
20 Sep, 2018 11:26:55 AM org.apache.catalina.core.ApplicationContext log
INFO: SessionListener: contextDestroyed()
20 Sep, 2018 11:26:55 AM org.apache.catalina.core.ApplicationContext log
INFO: ContextListener: contextDestroyed()
20 Sep, 2018 11:27:05 AM org.apache.catalina.core.ApplicationContext log
INFO: ContextListener: contextInitialized()
20 Sep, 2018 11:27:05 AM org.apache.catalina.core.ApplicationContext log
INFO: SessionListener: contextInitialized()
20 Sep, 2018 11:27:05 AM org.apache.catalina.core.ApplicationContext log
INFO: ContextListener: attributeAdded('org.apache.jasper.compiler.TldLocationsCache', 'org.apache.jasper.compiler.TldLocationsCache@17cd15d')
20 Sep, 2018 11:35:52 AM org.apache.catalina.core.ApplicationContext log
INFO: Marking servlet servlet1 as unavailable
20 Sep, 2018 11:35:52 AM org.apache.catalina.core.StandardWrapperValve invoke
SEVERE: Allocate exception for servlet servlet1
java.lang.ClassNotFoundException: Welcome.class
	at org.apache.catalina.loader.WebappClassLoader.loadClass(WebappClassLoader.java:1713)
	at org.apache.catalina.loader.WebappClassLoader.loadClass(WebappClassLoader.java:1558)
	at org.apache.catalina.core.DefaultInstanceManager.loadClass(DefaultInstanceManager.java:527)
	at org.apache.catalina.core.DefaultInstanceManager.loadClassMaybePrivileged(DefaultInstanceManager.java:509)
	at org.apache.catalina.core.DefaultInstanceManager.newInstance(DefaultInstanceManager.java:137)
	at org.apache.catalina.core.StandardWrapper.loadServlet(StandardWrapper.java:1144)
	at org.apache.catalina.core.StandardWrapper.allocate(StandardWrapper.java:865)
	at org.apache.catalina.core.StandardWrapperValve.invoke(StandardWrapperValve.java:136)
	at org.apache.catalina.core.StandardContextValve.invoke(StandardContextValve.java:123)
	at org.apache.catalina.authenticator.AuthenticatorBase.invoke(AuthenticatorBase.java:472)
	at org.apache.catalina.core.StandardHostValve.invoke(StandardHostValve.java:171)
	at org.apache.catalina.valves.ErrorReportValve.invoke(ErrorReportValve.java:99)
	at org.apache.catalina.valves.AccessLogValve.invoke(AccessLogValve.java:936)
	at org.apache.catalina.core.StandardEngineValve.invoke(StandardEngineValve.java:118)
	at org.apache.catalina.connector.CoyoteAdapter.service(CoyoteAdapter.java:407)
	at org.apache.coyote.http11.AbstractHttp11Processor.process(AbstractHttp11Processor.java:1004)
	at org.apache.coyote.AbstractProtocol$AbstractConnectionHandler.process(AbstractProtocol.java:589)
	at org.apache.tomcat.util.net.JIoEndpoint$SocketProcessor.run(JIoEndpoint.java:310)
	at java.util.concurrent.ThreadPoolExecutor.runWorker(Unknown Source)
	at java.util.concurrent.ThreadPoolExecutor$Worker.run(Unknown Source)
	at java.lang.Thread.run(Unknown Source)
20 Sep, 2018 11:44:32 AM org.apache.catalina.core.ApplicationContext log
INFO: ContextListener: contextInitialized()
20 Sep, 2018 11:44:32 AM org.apache.catalina.core.ApplicationContext log
INFO: SessionListener: contextInitialized()
20 Sep, 2018 11:44:32 AM org.apache.catalina.core.ApplicationContext log
INFO: ContextListener: attributeAdded('org.apache.jasper.compiler.TldLocationsCache', 'org.apache.jasper.compiler.TldLocationsCache@bfed5a')
20 Sep, 2018 11:47:13 AM org.apache.catalina.core.ApplicationContext log
INFO: SessionListener: contextDestroyed()
20 Sep, 2018 11:47:13 AM org.apache.catalina.core.ApplicationContext log
INFO: ContextListener: contextDestroyed()
