19 Sep, 2018 9:21:21 AM org.apache.catalina.core.ApplicationContext log
INFO: ContextListener: contextInitialized()
19 Sep, 2018 9:21:21 AM org.apache.catalina.core.ApplicationContext log
INFO: SessionListener: contextInitialized()
19 Sep, 2018 9:21:22 AM org.apache.catalina.core.ApplicationContext log
INFO: ContextListener: attributeAdded('org.apache.jasper.compiler.TldLocationsCache', 'org.apache.jasper.compiler.TldLocationsCache@cb42cf')
19 Sep, 2018 10:23:51 AM org.apache.catalina.core.ApplicationContext log
INFO: SessionListener: contextDestroyed()
19 Sep, 2018 10:23:51 AM org.apache.catalina.core.ApplicationContext log
INFO: ContextListener: contextDestroyed()
19 Sep, 2018 6:38:01 PM org.apache.catalina.core.ApplicationContext log
INFO: ContextListener: contextInitialized()
19 Sep, 2018 6:38:01 PM org.apache.catalina.core.ApplicationContext log
INFO: SessionListener: contextInitialized()
19 Sep, 2018 6:38:01 PM org.apache.catalina.core.ApplicationContext log
INFO: ContextListener: attributeAdded('org.apache.jasper.compiler.TldLocationsCache', 'org.apache.jasper.compiler.TldLocationsCache@bfed5a')
19 Sep, 2018 7:09:10 PM org.apache.catalina.core.ApplicationContext log
INFO: Marking servlet servlet1 as unavailable
19 Sep, 2018 7:09:10 PM org.apache.catalina.core.StandardWrapperValve invoke
SEVERE: Allocate exception for servlet servlet1
java.lang.ClassNotFoundException: Welcome.class
	at org.apache.catalina.loader.WebappClassLoader.loadClass(WebappClassLoader.java:1713)
	at org.apache.catalina.loader.WebappClassLoader.loadClass(WebappClassLoader.java:1558)
	at org.apache.catalina.core.DefaultInstanceManager.loadClass(DefaultInstanceManager.java:527)
	at org.apache.catalina.core.DefaultInstanceManager.loadClassMaybePrivileged(DefaultInstanceManager.java:509)
	at org.apache.catalina.core.DefaultInstanceManager.newInstance(DefaultInstanceManager.java:137)
	at org.apache.catalina.core.StandardWrapper.loadServlet(StandardWrapper.java:1144)
	at org.apache.catalina.core.StandardWrapper.allocate(StandardWrapper.java:865)
	at org.apache.catalina.core.StandardWrapperValve.invoke(StandardWrapperValve.java:136)
	at org.apache.catalina.core.StandardContextValve.invoke(StandardContextValve.java:123)
	at org.apache.catalina.authenticator.AuthenticatorBase.invoke(AuthenticatorBase.java:472)
	at org.apache.catalina.core.StandardHostValve.invoke(StandardHostValve.java:171)
	at org.apache.catalina.valves.ErrorReportValve.invoke(ErrorReportValve.java:99)
	at org.apache.catalina.valves.AccessLogValve.invoke(AccessLogValve.java:936)
	at org.apache.catalina.core.StandardEngineValve.invoke(StandardEngineValve.java:118)
	at org.apache.catalina.connector.CoyoteAdapter.service(CoyoteAdapter.java:407)
	at org.apache.coyote.http11.AbstractHttp11Processor.process(AbstractHttp11Processor.java:1004)
	at org.apache.coyote.AbstractProtocol$AbstractConnectionHandler.process(AbstractProtocol.java:589)
	at org.apache.tomcat.util.net.JIoEndpoint$SocketProcessor.run(JIoEndpoint.java:312)
	at java.util.concurrent.ThreadPoolExecutor.runWorker(Unknown Source)
	at java.util.concurrent.ThreadPoolExecutor$Worker.run(Unknown Source)
	at java.lang.Thread.run(Unknown Source)
