13 Sep, 2018 7:54:32 AM org.apache.catalina.core.ApplicationContext log
INFO: ContextListener: contextInitialized()
13 Sep, 2018 7:54:32 AM org.apache.catalina.core.ApplicationContext log
INFO: SessionListener: contextInitialized()
13 Sep, 2018 7:54:32 AM org.apache.catalina.core.ApplicationContext log
INFO: ContextListener: attributeAdded('org.apache.jasper.compiler.TldLocationsCache', 'org.apache.jasper.compiler.TldLocationsCache@1b6235b')
13 Sep, 2018 7:56:13 AM org.apache.catalina.core.ApplicationContext log
INFO: SessionListener: contextDestroyed()
13 Sep, 2018 7:56:13 AM org.apache.catalina.core.ApplicationContext log
INFO: ContextListener: contextDestroyed()
13 Sep, 2018 8:17:31 AM org.apache.catalina.core.ApplicationContext log
INFO: ContextListener: contextInitialized()
13 Sep, 2018 8:17:31 AM org.apache.catalina.core.ApplicationContext log
INFO: SessionListener: contextInitialized()
13 Sep, 2018 8:17:31 AM org.apache.catalina.core.ApplicationContext log
INFO: ContextListener: attributeAdded('org.apache.jasper.compiler.TldLocationsCache', 'org.apache.jasper.compiler.TldLocationsCache@8f2ca6')
13 Sep, 2018 8:35:51 AM org.apache.catalina.core.ApplicationContext log
INFO: ContextListener: contextInitialized()
13 Sep, 2018 8:35:51 AM org.apache.catalina.core.ApplicationContext log
INFO: SessionListener: contextInitialized()
13 Sep, 2018 8:35:51 AM org.apache.catalina.core.ApplicationContext log
INFO: ContextListener: attributeAdded('org.apache.jasper.compiler.TldLocationsCache', 'org.apache.jasper.compiler.TldLocationsCache@1b6235b')
13 Sep, 2018 8:45:04 AM org.apache.catalina.core.ApplicationContext log
INFO: SessionListener: contextDestroyed()
13 Sep, 2018 8:45:04 AM org.apache.catalina.core.ApplicationContext log
INFO: ContextListener: contextDestroyed()
13 Sep, 2018 8:53:37 AM org.apache.catalina.core.ApplicationContext log
INFO: ContextListener: contextInitialized()
13 Sep, 2018 8:53:37 AM org.apache.catalina.core.ApplicationContext log
INFO: SessionListener: contextInitialized()
13 Sep, 2018 8:53:37 AM org.apache.catalina.core.ApplicationContext log
INFO: ContextListener: attributeAdded('org.apache.jasper.compiler.TldLocationsCache', 'org.apache.jasper.compiler.TldLocationsCache@77eb97')
13 Sep, 2018 9:02:55 AM org.apache.catalina.core.ApplicationContext log
INFO: SessionListener: contextDestroyed()
13 Sep, 2018 9:02:55 AM org.apache.catalina.core.ApplicationContext log
INFO: ContextListener: contextDestroyed()
13 Sep, 2018 10:30:36 AM org.apache.catalina.core.ApplicationContext log
INFO: ContextListener: contextInitialized()
13 Sep, 2018 10:30:36 AM org.apache.catalina.core.ApplicationContext log
INFO: SessionListener: contextInitialized()
13 Sep, 2018 10:30:36 AM org.apache.catalina.core.ApplicationContext log
INFO: ContextListener: attributeAdded('org.apache.jasper.compiler.TldLocationsCache', 'org.apache.jasper.compiler.TldLocationsCache@bfed5a')
13 Sep, 2018 11:28:52 AM org.apache.catalina.core.ApplicationContext log
INFO: ContextListener: contextInitialized()
13 Sep, 2018 11:28:52 AM org.apache.catalina.core.ApplicationContext log
INFO: SessionListener: contextInitialized()
13 Sep, 2018 11:28:52 AM org.apache.catalina.core.ApplicationContext log
INFO: ContextListener: attributeAdded('org.apache.jasper.compiler.TldLocationsCache', 'org.apache.jasper.compiler.TldLocationsCache@cb42cf')
13 Sep, 2018 11:28:52 AM org.apache.catalina.core.ApplicationContext log
INFO: SessionListener: contextDestroyed()
13 Sep, 2018 11:28:52 AM org.apache.catalina.core.ApplicationContext log
INFO: ContextListener: contextDestroyed()
13 Sep, 2018 11:30:19 AM org.apache.catalina.core.ApplicationContext log
INFO: ContextListener: contextInitialized()
13 Sep, 2018 11:30:19 AM org.apache.catalina.core.ApplicationContext log
INFO: SessionListener: contextInitialized()
13 Sep, 2018 11:30:19 AM org.apache.catalina.core.ApplicationContext log
INFO: ContextListener: attributeAdded('org.apache.jasper.compiler.TldLocationsCache', 'org.apache.jasper.compiler.TldLocationsCache@1b6235b')
13 Sep, 2018 11:30:19 AM org.apache.catalina.core.ApplicationContext log
INFO: SessionListener: contextDestroyed()
13 Sep, 2018 11:30:19 AM org.apache.catalina.core.ApplicationContext log
INFO: ContextListener: contextDestroyed()
13 Sep, 2018 11:36:32 AM org.apache.catalina.core.ApplicationContext log
INFO: ContextListener: contextInitialized()
13 Sep, 2018 11:36:32 AM org.apache.catalina.core.ApplicationContext log
INFO: SessionListener: contextInitialized()
13 Sep, 2018 11:36:32 AM org.apache.catalina.core.ApplicationContext log
INFO: ContextListener: attributeAdded('org.apache.jasper.compiler.TldLocationsCache', 'org.apache.jasper.compiler.TldLocationsCache@bfed5a')
13 Sep, 2018 2:57:16 PM org.apache.catalina.core.ApplicationContext log
INFO: ContextListener: contextInitialized()
13 Sep, 2018 2:57:16 PM org.apache.catalina.core.ApplicationContext log
INFO: SessionListener: contextInitialized()
13 Sep, 2018 2:57:16 PM org.apache.catalina.core.ApplicationContext log
INFO: ContextListener: attributeAdded('org.apache.jasper.compiler.TldLocationsCache', 'org.apache.jasper.compiler.TldLocationsCache@bfed5a')
13 Sep, 2018 3:02:18 PM org.apache.catalina.core.ApplicationContext log
INFO: SessionListener: contextDestroyed()
13 Sep, 2018 3:02:18 PM org.apache.catalina.core.ApplicationContext log
INFO: ContextListener: contextDestroyed()
13 Sep, 2018 3:02:32 PM org.apache.catalina.core.ApplicationContext log
INFO: ContextListener: contextInitialized()
13 Sep, 2018 3:02:32 PM org.apache.catalina.core.ApplicationContext log
INFO: SessionListener: contextInitialized()
13 Sep, 2018 3:02:32 PM org.apache.catalina.core.ApplicationContext log
INFO: ContextListener: attributeAdded('org.apache.jasper.compiler.TldLocationsCache', 'org.apache.jasper.compiler.TldLocationsCache@bfed5a')
13 Sep, 2018 3:12:24 PM org.apache.catalina.core.ApplicationContext log
INFO: SessionListener: contextDestroyed()
13 Sep, 2018 3:12:24 PM org.apache.catalina.core.ApplicationContext log
INFO: ContextListener: contextDestroyed()
13 Sep, 2018 3:47:44 PM org.apache.catalina.core.ApplicationContext log
INFO: ContextListener: contextInitialized()
13 Sep, 2018 3:47:44 PM org.apache.catalina.core.ApplicationContext log
INFO: SessionListener: contextInitialized()
13 Sep, 2018 3:47:44 PM org.apache.catalina.core.ApplicationContext log
INFO: ContextListener: attributeAdded('org.apache.jasper.compiler.TldLocationsCache', 'org.apache.jasper.compiler.TldLocationsCache@bfed5a')
13 Sep, 2018 9:07:42 PM org.apache.catalina.core.ApplicationContext log
INFO: ContextListener: contextInitialized()
13 Sep, 2018 9:07:42 PM org.apache.catalina.core.ApplicationContext log
INFO: SessionListener: contextInitialized()
13 Sep, 2018 9:07:42 PM org.apache.catalina.core.ApplicationContext log
INFO: ContextListener: attributeAdded('org.apache.jasper.compiler.TldLocationsCache', 'org.apache.jasper.compiler.TldLocationsCache@6a63d3')
13 Sep, 2018 9:07:51 PM org.apache.catalina.core.ApplicationContext log
INFO: SessionListener: contextDestroyed()
13 Sep, 2018 9:07:51 PM org.apache.catalina.core.ApplicationContext log
INFO: ContextListener: contextDestroyed()
13 Sep, 2018 9:09:10 PM org.apache.catalina.core.ApplicationContext log
INFO: ContextListener: contextInitialized()
13 Sep, 2018 9:09:10 PM org.apache.catalina.core.ApplicationContext log
INFO: SessionListener: contextInitialized()
13 Sep, 2018 9:09:10 PM org.apache.catalina.core.ApplicationContext log
INFO: ContextListener: attributeAdded('org.apache.jasper.compiler.TldLocationsCache', 'org.apache.jasper.compiler.TldLocationsCache@cb42cf')
13 Sep, 2018 10:14:34 PM org.apache.catalina.core.ApplicationContext log
INFO: SessionListener: contextDestroyed()
13 Sep, 2018 10:14:34 PM org.apache.catalina.core.ApplicationContext log
INFO: ContextListener: contextDestroyed()
13 Sep, 2018 10:24:34 PM org.apache.catalina.core.ApplicationContext log
INFO: ContextListener: contextInitialized()
13 Sep, 2018 10:24:34 PM org.apache.catalina.core.ApplicationContext log
INFO: SessionListener: contextInitialized()
13 Sep, 2018 10:24:34 PM org.apache.catalina.core.ApplicationContext log
INFO: ContextListener: attributeAdded('org.apache.jasper.compiler.TldLocationsCache', 'org.apache.jasper.compiler.TldLocationsCache@bfed5a')
13 Sep, 2018 11:28:38 PM org.apache.catalina.core.ApplicationContext log
INFO: SessionListener: contextDestroyed()
13 Sep, 2018 11:28:38 PM org.apache.catalina.core.ApplicationContext log
INFO: ContextListener: contextDestroyed()
