21 Sep, 2018 11:00:47 AM org.apache.catalina.core.ApplicationContext log
INFO: ContextListener: contextInitialized()
21 Sep, 2018 11:00:47 AM org.apache.catalina.core.ApplicationContext log
INFO: SessionListener: contextInitialized()
21 Sep, 2018 11:00:47 AM org.apache.catalina.core.ApplicationContext log
INFO: ContextListener: attributeAdded('org.apache.jasper.compiler.TldLocationsCache', 'org.apache.jasper.compiler.TldLocationsCache@cb42cf')
21 Sep, 2018 11:06:07 AM org.apache.catalina.core.ApplicationContext log
INFO: SessionListener: contextDestroyed()
21 Sep, 2018 11:06:07 AM org.apache.catalina.core.ApplicationContext log
INFO: ContextListener: contextDestroyed()
21 Sep, 2018 11:07:02 AM org.apache.catalina.core.ApplicationContext log
INFO: ContextListener: contextInitialized()
21 Sep, 2018 11:07:02 AM org.apache.catalina.core.ApplicationContext log
INFO: SessionListener: contextInitialized()
21 Sep, 2018 11:07:02 AM org.apache.catalina.core.ApplicationContext log
INFO: ContextListener: attributeAdded('org.apache.jasper.compiler.TldLocationsCache', 'org.apache.jasper.compiler.TldLocationsCache@1bc4ec8')
21 Sep, 2018 11:11:32 AM org.apache.catalina.core.ApplicationContext log
INFO: SessionListener: contextDestroyed()
21 Sep, 2018 11:11:32 AM org.apache.catalina.core.ApplicationContext log
INFO: ContextListener: contextDestroyed()
21 Sep, 2018 10:14:23 PM org.apache.catalina.core.ApplicationContext log
INFO: ContextListener: contextInitialized()
21 Sep, 2018 10:14:23 PM org.apache.catalina.core.ApplicationContext log
INFO: SessionListener: contextInitialized()
21 Sep, 2018 10:14:23 PM org.apache.catalina.core.ApplicationContext log
INFO: ContextListener: attributeAdded('org.apache.jasper.compiler.TldLocationsCache', 'org.apache.jasper.compiler.TldLocationsCache@77eb97')
21 Sep, 2018 10:15:58 PM org.apache.catalina.core.ApplicationContext log
INFO: SessionListener: contextDestroyed()
21 Sep, 2018 10:15:58 PM org.apache.catalina.core.ApplicationContext log
INFO: ContextListener: contextDestroyed()
